    1  cd Documents
    2  cd clmystery-master/
    3  ls
    4  cd mstery
    5  cd mystery
    6  nano cheatsheet.md
    7  nano cheatsheet.pdf
    8  grep-i -r "CLUES" * 
    9  grep -i -r "CLUES" * 
   10  grep -r "clues" *
   11  grep -A 2 -i -r "CLUES" * 
   12  grep -A 2 -i -r CLUES * 
   13  grep -A 2 -i -r "CLUES" * 
   14  ls
   15  cd crimescene
   16  cd interviews
   17  grep -A 2 -i -r "CLUES" * 
   18  cd ..
   19  cd memberships
   20  grep -A 2 -i -r "CLUES" * 
   21  cd ..
   22  cd streets
   23  grep -A 2 -i -r "CLUES" * 
   24  grep -A 2 -i -r "CLUES" crimescene
   25  cd .;
   26  cd ..
   27  grep -A 2 -i -r "CLUES" crimescene
   28  cat hint1
   29  cd ..
   30  cat hint1
   31  cd mystery
   32  cat hint1
   33  head -n 20 people
   34  cd street
   35  cd streets
   36  ls
   37  head *
   38  cd ..
   39  grep "clues" crimescene
   40  grep "CLUE" crimescene
   41  grep -i "CLUE" crimescene
   42  ls
   43  grep "Annabel" *
   44  cd streets
   45  ls
   46  grep line 40 Hart_Place 
   47  head -n 41 Hart_Place | tail -5
   48  cd ..
   49  ls
   50  cd interviews
   51  ls
   52  nano interview-47246024
   53  cd ..
   54  head -n 178 Buckingham Place | tail -5
   55  head -n 178 Buckingham_Place | tail -5
   56  cd streets
   57  head -n 178 Buckingham_Place | tail -5
   58  head -n 180 Buckingham_Place | tail -5
   59  cd ..
   60  ls
   61  cd interviews
   62  nano interview-699607
   63  cd ..
   64  ls
   65  nano interview-699607
   66  grep -A 4 "L337" vehicules 
   67  grep -A 4 "L337" vehicles 
   68  grep -A "Jacqui Maher" people
   69  grep "Jacqui Maher" people
   70  grep "Jeremy Bowers" people
   71  cd streets
   72  head -n 285 Dunstable_Road | tail -5
   73  cd ..
   74  nano interview-9620713
   75  ls
   76  cd interviews
   77  nano interview-9620713
   78  cd..
   79  cd ..
   80  grep "Joe Germuska" people
   81  cd streets
   82  head -n 276 Plainfield_Street | tail -5
   83  cd ..
   84  cd interviews
   85  nano interview-29741223
   86  grep "Aron Pilhofer" people
   87  cd ..
   88  grep "Aron Pilhofer" people
   89  cd streets
   90  head -n 146 Claybourne_Street | tail -5
   91  cd ..
   92  cd interviews
   93  nano interview-1767435
   94  cd ..
   95  grep "Al Shaw" people
   96  cd streets
   97  head -n 84 Manton_Terrace | tail -5
   98  cd ..
   99  cd interviws
  100  cd interviews
  101  nano interview-30259493
  102  cd ..
  103  grep "Brain Boyer" people
  104  cd memberships
  105  grep "Jeremy Bowers" *
  106  echo Jeremy Bowers
  107  cd ..
  108  history > mon_historique.log
